mode: set
github.com/IKHINtech/erp_microservice_go_grpc/auth-microservice/cmd/main.go:17.13,19.16 2 0
github.com/IKHINtech/erp_microservice_go_grpc/auth-microservice/cmd/main.go:19.16,21.3 1 0
github.com/IKHINtech/erp_microservice_go_grpc/auth-microservice/cmd/main.go:22.2,24.16 3 0
github.com/IKHINtech/erp_microservice_go_grpc/auth-microservice/cmd/main.go:24.16,26.3 1 0
github.com/IKHINtech/erp_microservice_go_grpc/auth-microservice/cmd/main.go:28.2,34.16 3 0
github.com/IKHINtech/erp_microservice_go_grpc/auth-microservice/cmd/main.go:34.16,36.3 1 0
github.com/IKHINtech/erp_microservice_go_grpc/auth-microservice/cmd/main.go:38.2,46.37 6 0
github.com/IKHINtech/erp_microservice_go_grpc/auth-microservice/cmd/main.go:46.37,48.3 1 0
github.com/IKHINtech/erp_microservice_go_grpc/auth-microservice/config/config.go:25.46,28.52 2 0
github.com/IKHINtech/erp_microservice_go_grpc/auth-microservice/config/config.go:28.52,30.3 1 0
github.com/IKHINtech/erp_microservice_go_grpc/auth-microservice/config/config.go:32.2,35.45 3 0
github.com/IKHINtech/erp_microservice_go_grpc/auth-microservice/config/config.go:35.45,37.3 1 0
github.com/IKHINtech/erp_microservice_go_grpc/auth-microservice/config/config.go:39.2,41.28 2 0
github.com/IKHINtech/erp_microservice_go_grpc/auth-microservice/config/config.go:41.28,43.3 1 0
github.com/IKHINtech/erp_microservice_go_grpc/auth-microservice/config/config.go:44.2,45.20 2 0
github.com/IKHINtech/erp_microservice_go_grpc/auth-microservice/config/config.go:48.34,55.2 1 0
github.com/IKHINtech/erp_microservice_go_grpc/auth-microservice/config/config.go:25.46,28.52 2 0
github.com/IKHINtech/erp_microservice_go_grpc/auth-microservice/config/config.go:28.52,30.3 1 0
github.com/IKHINtech/erp_microservice_go_grpc/auth-microservice/config/config.go:32.2,35.45 3 0
github.com/IKHINtech/erp_microservice_go_grpc/auth-microservice/config/config.go:35.45,37.3 1 0
github.com/IKHINtech/erp_microservice_go_grpc/auth-microservice/config/config.go:39.2,41.28 2 0
github.com/IKHINtech/erp_microservice_go_grpc/auth-microservice/config/config.go:41.28,43.3 1 0
github.com/IKHINtech/erp_microservice_go_grpc/auth-microservice/config/config.go:44.2,45.20 2 0
github.com/IKHINtech/erp_microservice_go_grpc/auth-microservice/config/config.go:48.34,55.2 1 0
github.com/IKHINtech/erp_microservice_go_grpc/auth-microservice/internal/utils/jwt.go:17.68,18.25 1 0
github.com/IKHINtech/erp_microservice_go_grpc/auth-microservice/internal/utils/jwt.go:18.25,20.3 1 0
github.com/IKHINtech/erp_microservice_go_grpc/auth-microservice/internal/utils/jwt.go:22.2,30.50 3 0
github.com/IKHINtech/erp_microservice_go_grpc/auth-microservice/internal/utils/jwt.go:33.70,34.104 1 0
github.com/IKHINtech/erp_microservice_go_grpc/auth-microservice/internal/utils/jwt.go:34.104,36.3 1 0
github.com/IKHINtech/erp_microservice_go_grpc/auth-microservice/internal/utils/jwt.go:37.2,37.16 1 0
github.com/IKHINtech/erp_microservice_go_grpc/auth-microservice/internal/utils/jwt.go:37.16,39.3 1 0
github.com/IKHINtech/erp_microservice_go_grpc/auth-microservice/internal/utils/jwt.go:41.2,41.61 1 0
github.com/IKHINtech/erp_microservice_go_grpc/auth-microservice/internal/utils/jwt.go:41.61,43.3 1 0
github.com/IKHINtech/erp_microservice_go_grpc/auth-microservice/internal/utils/jwt.go:45.2,45.41 1 0
github.com/IKHINtech/erp_microservice_go_grpc/auth-microservice/internal/repositories/auth_repository.go:22.52,24.2 1 0
github.com/IKHINtech/erp_microservice_go_grpc/auth-microservice/internal/repositories/auth_repository.go:27.42,33.2 1 0
github.com/IKHINtech/erp_microservice_go_grpc/auth-microservice/internal/repositories/auth_repository.go:36.62,38.2 1 0
github.com/IKHINtech/erp_microservice_go_grpc/auth-microservice/internal/repositories/auth_repository.go:40.77,44.2 3 0
github.com/IKHINtech/erp_microservice_go_grpc/auth-microservice/internal/repositories/auth_repository.go:46.71,50.2 3 0
github.com/IKHINtech/erp_microservice_go_grpc/auth-microservice/internal/repositories/auth_repository.go:52.75,56.2 3 0
github.com/IKHINtech/erp_microservice_go_grpc/auth-microservice/internal/repositories/auth_repository.go:58.72,60.2 1 0
github.com/IKHINtech/erp_microservice_go_grpc/auth-microservice/internal/repositories/auth_repository.go:62.80,66.2 3 0
github.com/IKHINtech/erp_microservice_go_grpc/auth-microservice/internal/repositories/auth_repository.go:68.72,76.2 3 0
github.com/IKHINtech/erp_microservice_go_grpc/auth-microservice/internal/models/user.go:24.46,25.26 1 0
github.com/IKHINtech/erp_microservice_go_grpc/auth-microservice/internal/models/user.go:25.26,27.17 2 0
github.com/IKHINtech/erp_microservice_go_grpc/auth-microservice/internal/models/user.go:27.17,29.4 1 0
github.com/IKHINtech/erp_microservice_go_grpc/auth-microservice/internal/models/user.go:30.3,30.34 1 0
github.com/IKHINtech/erp_microservice_go_grpc/auth-microservice/internal/models/user.go:32.2,32.12 1 0
github.com/IKHINtech/erp_microservice_go_grpc/auth-microservice/internal/models/user.go:36.52,38.16 2 0
github.com/IKHINtech/erp_microservice_go_grpc/auth-microservice/internal/models/user.go:38.16,40.3 1 0
github.com/IKHINtech/erp_microservice_go_grpc/auth-microservice/internal/models/user.go:41.2,41.28 1 0
github.com/IKHINtech/erp_microservice_go_grpc/auth-microservice/internal/models/user.go:45.65,48.2 2 0
github.com/IKHINtech/erp_microservice_go_grpc/auth-microservice/proto/auth/v1/auth.pb.go:32.32,37.2 4 0
github.com/IKHINtech/erp_microservice_go_grpc/auth-microservice/proto/auth/v1/auth.pb.go:39.40,41.2 1 0
github.com/IKHINtech/erp_microservice_go_grpc/auth-microservice/proto/auth/v1/auth.pb.go:43.38,43.39 0 0
github.com/IKHINtech/erp_microservice_go_grpc/auth-microservice/proto/auth/v1/auth.pb.go:45.60,47.14 2 0
github.com/IKHINtech/erp_microservice_go_grpc/auth-microservice/proto/auth/v1/auth.pb.go:47.14,49.34 2 0
github.com/IKHINtech/erp_microservice_go_grpc/auth-microservice/proto/auth/v1/auth.pb.go:49.34,51.4 1 0
github.com/IKHINtech/erp_microservice_go_grpc/auth-microservice/proto/auth/v1/auth.pb.go:52.3,52.12 1 0
github.com/IKHINtech/erp_microservice_go_grpc/auth-microservice/proto/auth/v1/auth.pb.go:54.2,54.24 1 0
github.com/IKHINtech/erp_microservice_go_grpc/auth-microservice/proto/auth/v1/auth.pb.go:58.51,60.2 1 0
github.com/IKHINtech/erp_microservice_go_grpc/auth-microservice/proto/auth/v1/auth.pb.go:62.42,63.14 1 0
github.com/IKHINtech/erp_microservice_go_grpc/auth-microservice/proto/auth/v1/auth.pb.go:63.14,65.3 1 0
github.com/IKHINtech/erp_microservice_go_grpc/auth-microservice/proto/auth/v1/auth.pb.go:66.2,66.11 1 0
github.com/IKHINtech/erp_microservice_go_grpc/auth-microservice/proto/auth/v1/auth.pb.go:69.45,70.14 1 0
github.com/IKHINtech/erp_microservice_go_grpc/auth-microservice/proto/auth/v1/auth.pb.go:70.14,72.3 1 0
github.com/IKHINtech/erp_microservice_go_grpc/auth-microservice/proto/auth/v1/auth.pb.go:73.2,73.11 1 0
github.com/IKHINtech/erp_microservice_go_grpc/auth-microservice/proto/auth/v1/auth.pb.go:84.33,89.2 4 0
github.com/IKHINtech/erp_microservice_go_grpc/auth-microservice/proto/auth/v1/auth.pb.go:91.41,93.2 1 0
github.com/IKHINtech/erp_microservice_go_grpc/auth-microservice/proto/auth/v1/auth.pb.go:95.39,95.40 0 0
github.com/IKHINtech/erp_microservice_go_grpc/auth-microservice/proto/auth/v1/auth.pb.go:97.61,99.14 2 0
github.com/IKHINtech/erp_microservice_go_grpc/auth-microservice/proto/auth/v1/auth.pb.go:99.14,101.34 2 0
github.com/IKHINtech/erp_microservice_go_grpc/auth-microservice/proto/auth/v1/auth.pb.go:101.34,103.4 1 0
github.com/IKHINtech/erp_microservice_go_grpc/auth-microservice/proto/auth/v1/auth.pb.go:104.3,104.12 1 0
github.com/IKHINtech/erp_microservice_go_grpc/auth-microservice/proto/auth/v1/auth.pb.go:106.2,106.24 1 0
github.com/IKHINtech/erp_microservice_go_grpc/auth-microservice/proto/auth/v1/auth.pb.go:110.52,112.2 1 0
github.com/IKHINtech/erp_microservice_go_grpc/auth-microservice/proto/auth/v1/auth.pb.go:114.43,115.14 1 0
github.com/IKHINtech/erp_microservice_go_grpc/auth-microservice/proto/auth/v1/auth.pb.go:115.14,117.3 1 0
github.com/IKHINtech/erp_microservice_go_grpc/auth-microservice/proto/auth/v1/auth.pb.go:118.2,118.11 1 0
github.com/IKHINtech/erp_microservice_go_grpc/auth-microservice/proto/auth/v1/auth.pb.go:121.44,122.14 1 0
github.com/IKHINtech/erp_microservice_go_grpc/auth-microservice/proto/auth/v1/auth.pb.go:122.14,124.3 1 0
github.com/IKHINtech/erp_microservice_go_grpc/auth-microservice/proto/auth/v1/auth.pb.go:125.2,125.11 1 0
github.com/IKHINtech/erp_microservice_go_grpc/auth-microservice/proto/auth/v1/auth.pb.go:137.39,142.2 4 0
github.com/IKHINtech/erp_microservice_go_grpc/auth-microservice/proto/auth/v1/auth.pb.go:144.47,146.2 1 0
github.com/IKHINtech/erp_microservice_go_grpc/auth-microservice/proto/auth/v1/auth.pb.go:148.45,148.46 0 0
github.com/IKHINtech/erp_microservice_go_grpc/auth-microservice/proto/auth/v1/auth.pb.go:150.67,152.14 2 0
github.com/IKHINtech/erp_microservice_go_grpc/auth-microservice/proto/auth/v1/auth.pb.go:152.14,154.34 2 0
github.com/IKHINtech/erp_microservice_go_grpc/auth-microservice/proto/auth/v1/auth.pb.go:154.34,156.4 1 0
github.com/IKHINtech/erp_microservice_go_grpc/auth-microservice/proto/auth/v1/auth.pb.go:157.3,157.12 1 0
github.com/IKHINtech/erp_microservice_go_grpc/auth-microservice/proto/auth/v1/auth.pb.go:159.2,159.24 1 0
github.com/IKHINtech/erp_microservice_go_grpc/auth-microservice/proto/auth/v1/auth.pb.go:163.58,165.2 1 0
github.com/IKHINtech/erp_microservice_go_grpc/auth-microservice/proto/auth/v1/auth.pb.go:167.49,168.14 1 0
github.com/IKHINtech/erp_microservice_go_grpc/auth-microservice/proto/auth/v1/auth.pb.go:168.14,170.3 1 0
github.com/IKHINtech/erp_microservice_go_grpc/auth-microservice/proto/auth/v1/auth.pb.go:171.2,171.11 1 0
github.com/IKHINtech/erp_microservice_go_grpc/auth-microservice/proto/auth/v1/auth.pb.go:174.52,175.14 1 0
github.com/IKHINtech/erp_microservice_go_grpc/auth-microservice/proto/auth/v1/auth.pb.go:175.14,177.3 1 0
github.com/IKHINtech/erp_microservice_go_grpc/auth-microservice/proto/auth/v1/auth.pb.go:178.2,178.11 1 0
github.com/IKHINtech/erp_microservice_go_grpc/auth-microservice/proto/auth/v1/auth.pb.go:181.52,182.14 1 0
github.com/IKHINtech/erp_microservice_go_grpc/auth-microservice/proto/auth/v1/auth.pb.go:182.14,184.3 1 0
github.com/IKHINtech/erp_microservice_go_grpc/auth-microservice/proto/auth/v1/auth.pb.go:185.2,185.11 1 0
github.com/IKHINtech/erp_microservice_go_grpc/auth-microservice/proto/auth/v1/auth.pb.go:195.40,200.2 4 0
github.com/IKHINtech/erp_microservice_go_grpc/auth-microservice/proto/auth/v1/auth.pb.go:202.48,204.2 1 0
github.com/IKHINtech/erp_microservice_go_grpc/auth-microservice/proto/auth/v1/auth.pb.go:206.46,206.47 0 0
github.com/IKHINtech/erp_microservice_go_grpc/auth-microservice/proto/auth/v1/auth.pb.go:208.68,210.14 2 0
github.com/IKHINtech/erp_microservice_go_grpc/auth-microservice/proto/auth/v1/auth.pb.go:210.14,212.34 2 0
github.com/IKHINtech/erp_microservice_go_grpc/auth-microservice/proto/auth/v1/auth.pb.go:212.34,214.4 1 0
github.com/IKHINtech/erp_microservice_go_grpc/auth-microservice/proto/auth/v1/auth.pb.go:215.3,215.12 1 0
github.com/IKHINtech/erp_microservice_go_grpc/auth-microservice/proto/auth/v1/auth.pb.go:217.2,217.24 1 0
github.com/IKHINtech/erp_microservice_go_grpc/auth-microservice/proto/auth/v1/auth.pb.go:221.59,223.2 1 0
github.com/IKHINtech/erp_microservice_go_grpc/auth-microservice/proto/auth/v1/auth.pb.go:225.51,226.14 1 0
github.com/IKHINtech/erp_microservice_go_grpc/auth-microservice/proto/auth/v1/auth.pb.go:226.14,228.3 1 0
github.com/IKHINtech/erp_microservice_go_grpc/auth-microservice/proto/auth/v1/auth.pb.go:229.2,229.11 1 0
github.com/IKHINtech/erp_microservice_go_grpc/auth-microservice/proto/auth/v1/auth.pb.go:239.40,244.2 4 0
github.com/IKHINtech/erp_microservice_go_grpc/auth-microservice/proto/auth/v1/auth.pb.go:246.48,248.2 1 0
github.com/IKHINtech/erp_microservice_go_grpc/auth-microservice/proto/auth/v1/auth.pb.go:250.46,250.47 0 0
github.com/IKHINtech/erp_microservice_go_grpc/auth-microservice/proto/auth/v1/auth.pb.go:252.68,254.14 2 0
github.com/IKHINtech/erp_microservice_go_grpc/auth-microservice/proto/auth/v1/auth.pb.go:254.14,256.34 2 0
github.com/IKHINtech/erp_microservice_go_grpc/auth-microservice/proto/auth/v1/auth.pb.go:256.34,258.4 1 0
github.com/IKHINtech/erp_microservice_go_grpc/auth-microservice/proto/auth/v1/auth.pb.go:259.3,259.12 1 0
github.com/IKHINtech/erp_microservice_go_grpc/auth-microservice/proto/auth/v1/auth.pb.go:261.2,261.24 1 0
github.com/IKHINtech/erp_microservice_go_grpc/auth-microservice/proto/auth/v1/auth.pb.go:265.59,267.2 1 0
github.com/IKHINtech/erp_microservice_go_grpc/auth-microservice/proto/auth/v1/auth.pb.go:269.50,270.14 1 0
github.com/IKHINtech/erp_microservice_go_grpc/auth-microservice/proto/auth/v1/auth.pb.go:270.14,272.3 1 0
github.com/IKHINtech/erp_microservice_go_grpc/auth-microservice/proto/auth/v1/auth.pb.go:273.2,273.11 1 0
github.com/IKHINtech/erp_microservice_go_grpc/auth-microservice/proto/auth/v1/auth.pb.go:285.41,290.2 4 0
github.com/IKHINtech/erp_microservice_go_grpc/auth-microservice/proto/auth/v1/auth.pb.go:292.49,294.2 1 0
github.com/IKHINtech/erp_microservice_go_grpc/auth-microservice/proto/auth/v1/auth.pb.go:296.47,296.48 0 0
github.com/IKHINtech/erp_microservice_go_grpc/auth-microservice/proto/auth/v1/auth.pb.go:298.69,300.14 2 0
github.com/IKHINtech/erp_microservice_go_grpc/auth-microservice/proto/auth/v1/auth.pb.go:300.14,302.34 2 0
github.com/IKHINtech/erp_microservice_go_grpc/auth-microservice/proto/auth/v1/auth.pb.go:302.34,304.4 1 0
github.com/IKHINtech/erp_microservice_go_grpc/auth-microservice/proto/auth/v1/auth.pb.go:305.3,305.12 1 0
github.com/IKHINtech/erp_microservice_go_grpc/auth-microservice/proto/auth/v1/auth.pb.go:307.2,307.24 1 0
github.com/IKHINtech/erp_microservice_go_grpc/auth-microservice/proto/auth/v1/auth.pb.go:311.60,313.2 1 0
github.com/IKHINtech/erp_microservice_go_grpc/auth-microservice/proto/auth/v1/auth.pb.go:315.51,316.14 1 0
github.com/IKHINtech/erp_microservice_go_grpc/auth-microservice/proto/auth/v1/auth.pb.go:316.14,318.3 1 0
github.com/IKHINtech/erp_microservice_go_grpc/auth-microservice/proto/auth/v1/auth.pb.go:319.2,319.14 1 0
github.com/IKHINtech/erp_microservice_go_grpc/auth-microservice/proto/auth/v1/auth.pb.go:322.52,323.14 1 0
github.com/IKHINtech/erp_microservice_go_grpc/auth-microservice/proto/auth/v1/auth.pb.go:323.14,325.3 1 0
github.com/IKHINtech/erp_microservice_go_grpc/auth-microservice/proto/auth/v1/auth.pb.go:326.2,326.11 1 0
github.com/IKHINtech/erp_microservice_go_grpc/auth-microservice/proto/auth/v1/auth.pb.go:329.53,330.14 1 0
github.com/IKHINtech/erp_microservice_go_grpc/auth-microservice/proto/auth/v1/auth.pb.go:330.14,332.3 1 0
github.com/IKHINtech/erp_microservice_go_grpc/auth-microservice/proto/auth/v1/auth.pb.go:333.2,333.12 1 0
github.com/IKHINtech/erp_microservice_go_grpc/auth-microservice/proto/auth/v1/auth.pb.go:344.37,349.2 4 0
github.com/IKHINtech/erp_microservice_go_grpc/auth-microservice/proto/auth/v1/auth.pb.go:351.45,353.2 1 0
github.com/IKHINtech/erp_microservice_go_grpc/auth-microservice/proto/auth/v1/auth.pb.go:355.43,355.44 0 0
github.com/IKHINtech/erp_microservice_go_grpc/auth-microservice/proto/auth/v1/auth.pb.go:357.65,359.14 2 0
github.com/IKHINtech/erp_microservice_go_grpc/auth-microservice/proto/auth/v1/auth.pb.go:359.14,361.34 2 0
github.com/IKHINtech/erp_microservice_go_grpc/auth-microservice/proto/auth/v1/auth.pb.go:361.34,363.4 1 0
github.com/IKHINtech/erp_microservice_go_grpc/auth-microservice/proto/auth/v1/auth.pb.go:364.3,364.12 1 0
github.com/IKHINtech/erp_microservice_go_grpc/auth-microservice/proto/auth/v1/auth.pb.go:366.2,366.24 1 0
github.com/IKHINtech/erp_microservice_go_grpc/auth-microservice/proto/auth/v1/auth.pb.go:370.56,372.2 1 0
github.com/IKHINtech/erp_microservice_go_grpc/auth-microservice/proto/auth/v1/auth.pb.go:374.48,375.14 1 0
github.com/IKHINtech/erp_microservice_go_grpc/auth-microservice/proto/auth/v1/auth.pb.go:375.14,377.3 1 0
github.com/IKHINtech/erp_microservice_go_grpc/auth-microservice/proto/auth/v1/auth.pb.go:378.2,378.11 1 0
github.com/IKHINtech/erp_microservice_go_grpc/auth-microservice/proto/auth/v1/auth.pb.go:381.50,382.14 1 0
github.com/IKHINtech/erp_microservice_go_grpc/auth-microservice/proto/auth/v1/auth.pb.go:382.14,384.3 1 0
github.com/IKHINtech/erp_microservice_go_grpc/auth-microservice/proto/auth/v1/auth.pb.go:385.2,385.11 1 0
github.com/IKHINtech/erp_microservice_go_grpc/auth-microservice/proto/auth/v1/auth.pb.go:395.38,400.2 4 0
github.com/IKHINtech/erp_microservice_go_grpc/auth-microservice/proto/auth/v1/auth.pb.go:402.46,404.2 1 0
github.com/IKHINtech/erp_microservice_go_grpc/auth-microservice/proto/auth/v1/auth.pb.go:406.44,406.45 0 0
github.com/IKHINtech/erp_microservice_go_grpc/auth-microservice/proto/auth/v1/auth.pb.go:408.66,410.14 2 0
github.com/IKHINtech/erp_microservice_go_grpc/auth-microservice/proto/auth/v1/auth.pb.go:410.14,412.34 2 0
github.com/IKHINtech/erp_microservice_go_grpc/auth-microservice/proto/auth/v1/auth.pb.go:412.34,414.4 1 0
github.com/IKHINtech/erp_microservice_go_grpc/auth-microservice/proto/auth/v1/auth.pb.go:415.3,415.12 1 0
github.com/IKHINtech/erp_microservice_go_grpc/auth-microservice/proto/auth/v1/auth.pb.go:417.2,417.24 1 0
github.com/IKHINtech/erp_microservice_go_grpc/auth-microservice/proto/auth/v1/auth.pb.go:421.57,423.2 1 0
github.com/IKHINtech/erp_microservice_go_grpc/auth-microservice/proto/auth/v1/auth.pb.go:425.48,426.14 1 0
github.com/IKHINtech/erp_microservice_go_grpc/auth-microservice/proto/auth/v1/auth.pb.go:426.14,428.3 1 0
github.com/IKHINtech/erp_microservice_go_grpc/auth-microservice/proto/auth/v1/auth.pb.go:429.2,429.14 1 0
github.com/IKHINtech/erp_microservice_go_grpc/auth-microservice/proto/auth/v1/auth.pb.go:471.51,472.48 1 0
github.com/IKHINtech/erp_microservice_go_grpc/auth-microservice/proto/auth/v1/auth.pb.go:472.48,474.3 1 0
github.com/IKHINtech/erp_microservice_go_grpc/auth-microservice/proto/auth/v1/auth.pb.go:475.2,475.44 1 0
github.com/IKHINtech/erp_microservice_go_grpc/auth-microservice/proto/auth/v1/auth.pb.go:505.13,505.47 1 0
github.com/IKHINtech/erp_microservice_go_grpc/auth-microservice/proto/auth/v1/auth.pb.go:506.37,507.36 1 0
github.com/IKHINtech/erp_microservice_go_grpc/auth-microservice/proto/auth/v1/auth.pb.go:507.36,509.3 1 0
github.com/IKHINtech/erp_microservice_go_grpc/auth-microservice/proto/auth/v1/auth.pb.go:510.2,526.39 5 0
github.com/IKHINtech/erp_microservice_go_grpc/auth-microservice/proto/auth/v1/auth_grpc.pb.go:42.74,44.2 1 0
github.com/IKHINtech/erp_microservice_go_grpc/auth-microservice/proto/auth/v1/auth_grpc.pb.go:46.123,50.16 4 0
github.com/IKHINtech/erp_microservice_go_grpc/auth-microservice/proto/auth/v1/auth_grpc.pb.go:50.16,52.3 1 0
github.com/IKHINtech/erp_microservice_go_grpc/auth-microservice/proto/auth/v1/auth_grpc.pb.go:53.2,53.17 1 0
github.com/IKHINtech/erp_microservice_go_grpc/auth-microservice/proto/auth/v1/auth_grpc.pb.go:56.144,60.16 4 0
github.com/IKHINtech/erp_microservice_go_grpc/auth-microservice/proto/auth/v1/auth_grpc.pb.go:60.16,62.3 1 0
github.com/IKHINtech/erp_microservice_go_grpc/auth-microservice/proto/auth/v1/auth_grpc.pb.go:63.2,63.17 1 0
github.com/IKHINtech/erp_microservice_go_grpc/auth-microservice/proto/auth/v1/auth_grpc.pb.go:66.147,70.16 4 0
github.com/IKHINtech/erp_microservice_go_grpc/auth-microservice/proto/auth/v1/auth_grpc.pb.go:70.16,72.3 1 0
github.com/IKHINtech/erp_microservice_go_grpc/auth-microservice/proto/auth/v1/auth_grpc.pb.go:73.2,73.17 1 0
github.com/IKHINtech/erp_microservice_go_grpc/auth-microservice/proto/auth/v1/auth_grpc.pb.go:76.144,80.16 4 0
github.com/IKHINtech/erp_microservice_go_grpc/auth-microservice/proto/auth/v1/auth_grpc.pb.go:80.16,82.3 1 0
github.com/IKHINtech/erp_microservice_go_grpc/auth-microservice/proto/auth/v1/auth_grpc.pb.go:83.2,83.17 1 0
github.com/IKHINtech/erp_microservice_go_grpc/auth-microservice/proto/auth/v1/auth_grpc.pb.go:104.101,106.2 1 0
github.com/IKHINtech/erp_microservice_go_grpc/auth-microservice/proto/auth/v1/auth_grpc.pb.go:107.122,109.2 1 0
github.com/IKHINtech/erp_microservice_go_grpc/auth-microservice/proto/auth/v1/auth_grpc.pb.go:110.125,112.2 1 0
github.com/IKHINtech/erp_microservice_go_grpc/auth-microservice/proto/auth/v1/auth_grpc.pb.go:113.122,115.2 1 0
github.com/IKHINtech/erp_microservice_go_grpc/auth-microservice/proto/auth/v1/auth_grpc.pb.go:116.82,116.83 0 0
github.com/IKHINtech/erp_microservice_go_grpc/auth-microservice/proto/auth/v1/auth_grpc.pb.go:117.82,117.83 0 0
github.com/IKHINtech/erp_microservice_go_grpc/auth-microservice/proto/auth/v1/auth_grpc.pb.go:126.80,131.59 1 0
github.com/IKHINtech/erp_microservice_go_grpc/auth-microservice/proto/auth/v1/auth_grpc.pb.go:131.59,133.3 1 0
github.com/IKHINtech/erp_microservice_go_grpc/auth-microservice/proto/auth/v1/auth_grpc.pb.go:134.2,134.50 1 0
github.com/IKHINtech/erp_microservice_go_grpc/auth-microservice/proto/auth/v1/auth_grpc.pb.go:137.162,139.32 2 0
github.com/IKHINtech/erp_microservice_go_grpc/auth-microservice/proto/auth/v1/auth_grpc.pb.go:139.32,141.3 1 0
github.com/IKHINtech/erp_microservice_go_grpc/auth-microservice/proto/auth/v1/auth_grpc.pb.go:142.2,142.24 1 0
github.com/IKHINtech/erp_microservice_go_grpc/auth-microservice/proto/auth/v1/auth_grpc.pb.go:142.24,144.3 1 0
github.com/IKHINtech/erp_microservice_go_grpc/auth-microservice/proto/auth/v1/auth_grpc.pb.go:145.2,149.77 2 0
github.com/IKHINtech/erp_microservice_go_grpc/auth-microservice/proto/auth/v1/auth_grpc.pb.go:149.77,151.3 1 0
github.com/IKHINtech/erp_microservice_go_grpc/auth-microservice/proto/auth/v1/auth_grpc.pb.go:152.2,152.44 1 0
github.com/IKHINtech/erp_microservice_go_grpc/auth-microservice/proto/auth/v1/auth_grpc.pb.go:155.169,157.32 2 0
github.com/IKHINtech/erp_microservice_go_grpc/auth-microservice/proto/auth/v1/auth_grpc.pb.go:157.32,159.3 1 0
github.com/IKHINtech/erp_microservice_go_grpc/auth-microservice/proto/auth/v1/auth_grpc.pb.go:160.2,160.24 1 0
github.com/IKHINtech/erp_microservice_go_grpc/auth-microservice/proto/auth/v1/auth_grpc.pb.go:160.24,162.3 1 0
github.com/IKHINtech/erp_microservice_go_grpc/auth-microservice/proto/auth/v1/auth_grpc.pb.go:163.2,167.77 2 0
github.com/IKHINtech/erp_microservice_go_grpc/auth-microservice/proto/auth/v1/auth_grpc.pb.go:167.77,169.3 1 0
github.com/IKHINtech/erp_microservice_go_grpc/auth-microservice/proto/auth/v1/auth_grpc.pb.go:170.2,170.44 1 0
github.com/IKHINtech/erp_microservice_go_grpc/auth-microservice/proto/auth/v1/auth_grpc.pb.go:173.170,175.32 2 0
github.com/IKHINtech/erp_microservice_go_grpc/auth-microservice/proto/auth/v1/auth_grpc.pb.go:175.32,177.3 1 0
github.com/IKHINtech/erp_microservice_go_grpc/auth-microservice/proto/auth/v1/auth_grpc.pb.go:178.2,178.24 1 0
github.com/IKHINtech/erp_microservice_go_grpc/auth-microservice/proto/auth/v1/auth_grpc.pb.go:178.24,180.3 1 0
github.com/IKHINtech/erp_microservice_go_grpc/auth-microservice/proto/auth/v1/auth_grpc.pb.go:181.2,185.77 2 0
github.com/IKHINtech/erp_microservice_go_grpc/auth-microservice/proto/auth/v1/auth_grpc.pb.go:185.77,187.3 1 0
github.com/IKHINtech/erp_microservice_go_grpc/auth-microservice/proto/auth/v1/auth_grpc.pb.go:188.2,188.44 1 0
github.com/IKHINtech/erp_microservice_go_grpc/auth-microservice/proto/auth/v1/auth_grpc.pb.go:191.173,193.32 2 0
github.com/IKHINtech/erp_microservice_go_grpc/auth-microservice/proto/auth/v1/auth_grpc.pb.go:193.32,195.3 1 0
github.com/IKHINtech/erp_microservice_go_grpc/auth-microservice/proto/auth/v1/auth_grpc.pb.go:196.2,196.24 1 0
github.com/IKHINtech/erp_microservice_go_grpc/auth-microservice/proto/auth/v1/auth_grpc.pb.go:196.24,198.3 1 0
github.com/IKHINtech/erp_microservice_go_grpc/auth-microservice/proto/auth/v1/auth_grpc.pb.go:199.2,203.77 2 0
github.com/IKHINtech/erp_microservice_go_grpc/auth-microservice/proto/auth/v1/auth_grpc.pb.go:203.77,205.3 1 0
github.com/IKHINtech/erp_microservice_go_grpc/auth-microservice/proto/auth/v1/auth_grpc.pb.go:206.2,206.44 1 0
